<?xml version="1.0" encoding="UTF-8"?>
<testsuite xmlns:xsi="http://www.w3.org/2001/XMLSchema-instance" xsi:noNamespaceSchemaLocation="https://maven.apache.org/surefire/maven-surefire-plugin/xsd/surefire-test-report.xsd" name="TestSuite" time="779.593" tests="7" errors="0" skipped="0" failures="0">
  <properties>
[...]
</properties>
  <testcase name="plobalLogin" classname="com.Plobal.iOS_Plobal_Scripts.IOS_Plobal_Test_cases" time="38.912"/>
  <testcase name="plobalSelectItem" classname="com.Plobal.iOS_Plobal_Scripts.IOS_Plobal_Test_cases" time="73.296"/>
  <testcase name="addProductToCart" classname="com.Plobal.iOS_Plobal_Scripts.IOS_Plobal_Test_cases" time="10.247"/>
  <testcase name="plobalDeliveryAddress" classname="com.Plobal.iOS_Plobal_Scripts.IOS_Plobal_Test_cases" time="114.133"/>
  <testcase name="plobalSearchProduct" classname="com.Plobal.iOS_Plobal_Scripts.IOS_Plobal_Test_cases" time="145.059"/>
  <testcase name="plobalBarCodeSearchProduct" classname="com.Plobal.iOS_Plobal_Scripts.IOS_Plobal_Test_cases" time="220.661"/>
  <testcase name="plobalLogout" classname="com.Plobal.iOS_Plobal_Scripts.IOS_Plobal_Test_cases" time="35.329"/>
</testsuite>